<?xml version="1.0" encoding="UTF-8"?>
<!-- Generated by org.testng.reporters.JUnitReportReporter -->
<testsuite skipped="0" hostname="HP" name="tuesday.DemoC" tests="4" failures="0" timestamp="13 Feb 2019 06:32:45 GMT" time="0.031" errors="0">
  <testcase name="createUser" time="0.007" classname="tuesday.DemoC"/>
  <testcase name="createUser" time="0.017" classname="tuesday.DemoC"/>
  <testcase name="editUser" time="0.003" classname="tuesday.DemoC"/>
  <testcase name="deleteUser" time="0.004" classname="tuesday.DemoC"/>
</testsuite> <!-- tuesday.DemoC -->
