<?xml version="1.0" encoding="UTF-8"?>
<!-- Generated by org.testng.reporters.JUnitReportReporter -->
<testsuite skipped="0" hostname="HP" name="tuesday.DemoF" tests="3" failures="0" timestamp="13 Feb 2019 07:32:25 GMT" time="0.016" errors="0">
  <testcase name="deleteUser" time="0.000" classname="tuesday.DemoF"/>
  <testcase name="editUser" time="0.000" classname="tuesday.DemoF"/>
  <testcase name="createUser" time="0.016" classname="tuesday.DemoF"/>
</testsuite> <!-- tuesday.DemoF -->
