<?xml version="1.0" encoding="UTF-8"?>
<!-- Generated by org.testng.reporters.JUnitReportReporter -->
<testsuite skipped="0" hostname="HP" name="qsp.Demo1" tests="1" failures="0" timestamp="12 Feb 2019 06:26:51 GMT" time="0.022" errors="0">
  <testcase name="test1" time="0.022" classname="qsp.Demo1"/>
</testsuite> <!-- qsp.Demo1 -->
