<?xml version="1.0" encoding="UTF-8"?>
<!-- Generated by org.testng.reporters.JUnitReportReporter -->
<testsuite skipped="0" hostname="HP" name="tuesday.DemoB" tests="2" failures="0" timestamp="12 Feb 2019 07:42:57 GMT" time="0.007" errors="0">
  <testcase name="testB1" time="0.005" classname="tuesday.DemoB"/>
  <testcase name="testB2" time="0.002" classname="tuesday.DemoB"/>
</testsuite> <!-- tuesday.DemoB -->
