<?xml version="1.0" encoding="UTF-8"?>
<!-- Generated by org.testng.reporters.JUnitReportReporter -->
<testsuite skipped="0" hostname="HP" name="tuesday.DemoD" tests="3" failures="0" timestamp="13 Feb 2019 06:40:59 GMT" time="0.031" errors="0">
  <testcase name="B" time="0.015" classname="tuesday.DemoD"/>
  <testcase name="C" time="0.016" classname="tuesday.DemoD"/>
  <testcase name="A" time="0.000" classname="tuesday.DemoD"/>
</testsuite> <!-- tuesday.DemoD -->
