<?xml version="1.0" encoding="UTF-8"?>
<!-- Generated by org.testng.reporters.JUnitReportReporter -->
<testsuite skipped="0" hostname="HP" name="tuesday.DemoE" tests="1" failures="0" timestamp="13 Feb 2019 07:09:35 GMT" time="0.013" errors="0">
  <testcase name="deleteUser" time="0.013" classname="tuesday.DemoE"/>
</testsuite> <!-- tuesday.DemoE -->
