<?xml version="1.0" encoding="UTF-8"?>
<!-- Generated by org.testng.reporters.JUnitReportReporter -->
<testsuite skipped="0" hostname="HP" name="tuesday.DemoA" tests="1" failures="0" timestamp="12 Feb 2019 07:42:57 GMT" time="0.010" errors="0">
  <testcase name="TestA" time="0.010" classname="tuesday.DemoA"/>
</testsuite> <!-- tuesday.DemoA -->
